<?xml version="1.0" encoding="UTF-8"?>
<!-- Generated by org.testng.reporters.JUnitReportReporter -->
<testsuite hostname="LAPTOP-H7R7DK85" failures="0" tests="1" name="testpractice.Test2" time="0.015" errors="0" timestamp="23 Sep 2022 04:12:04 GMT">
  <testcase classname="testpractice.Test2" name="tc2" time="0.015"/>
</testsuite> <!-- testpractice.Test2 -->
